popContext:Mc
onClick:dc
containerWidth:k
diff:Fd
zoom:W
onResize:Jc
__col:ha
buttonsInitiate:Na
slideContent:Za
tileA:kc
elementWidth:ta
Comparison:Ka
getViewers:Jd
dblClickHandler:Cd
created:Ae
levels:n
onFailure:Je
lastAccess:Rd
onAttach:T
afterFinish:vd
onLoad:o
use_cache:db
unEvent:Ia
onGrab:ae
xLowerLimit:Db
slideTitle:Uc
resend:Ne
onDrop:Gc
generateList:Ta
fadeEffect:yc
startpos:Fa
isScrolling:Pd
hits:Kd
tileZ:lc
instructionsElement:va
ontype:he
tileRows:Bb
changesElement:na
paramName:fc
onDblclick:He
showLevels:jc
blackout:L
updateTiles:Ja
events:F
absCoords:sd
currentLevel:Qa
fetchURL:Ub
toggleLink:qe
ajaxFailure:Z
acceptTerm:td
_poll:od
sync:Vc
timer:bb
EDITING:pa
addGhostROI:ud
onDestroy:Aa
slide:b
cookies:ze
extraParams:Tb
getCenter:r
ajaxCreate:wd
setSeries:Da
confirmUndo:Qb
keyBindings:vb
multiples:Zb
scrollIntoViewIfNecessary:Q
SCROLL_MIDDLE:Mb
getLayout:sb
hideLevels:Wb
down:Ra
z:e
bound:M
queue:ie
unload:cb
buttonsConfirm:Ma
edits:aa
drop:wc
observers:C
registerComparison:Pc
tileBufferSlowInterval:Yc
SHIFT:gb
autoCompleterParams:xd
poll:Lc
dragging:t
onTile:Le
onUnload:ga
onScroll:Kc
parameters:Me
META:nc
contentLength:ye
viewerAjaxSuccess:se
initialize:g
onMove:Ke
control:Pa
pushContext:gc
labels:w
elementOffsetY:O
dY:uc
_onDblClick:oc
elementOffsetX:N
dX:tc
zfin_ref:ue
PropertyMap:Lb
initiateUndo:Md
_drag:hb
onMouseDown:ec
addToSlide:pc
unlinkAll:re
linkAll:Td
iefix:ub
_grab:ja
getValue:ea
grab:Vb
easeOut:Be
clearInput:Pb
slides:H
Viewer:Nb
measure:Ec
onTimeout:fe
baseURL:la
SCROLL_BOTTOM:gd
__src:kd
onhover:ge
fitButton:rb
_onMouseDown:jb
lastValue:ya
loadSlide:Va
destroy:R
childElements:zd
noPropagation:P
tileBufferSlow:Xc
defaultClass:Sb
_ajaxSuccess:D
keepLastContext:Qd
CREATING:Jb
moveX:Wd
effectOptions:Sa
enableKeyBindings:Ce
zoomWidget:dd
ajaxTimeout:ka
setLevelMask:ke
setValue:ic
moveY:Xd
definitionUrl:Ed
tileBufferFast:Wc
nudge:wb
formElement:q
DELETING:Kb
onEditStart:Ic
closeWidget:nb
viewer:a
widgetHandle:B
cssClassName:f
widgets:h
getPrototypeLabel:Id
minimized:v
sprintf:A
addWidget:i
divisions:qb
unlink:bd
viewerlink:V
maxNeighbors:Ud
center:rc
yUpperLimit:Gb
_ajaxFailure:qa
_clickAccept:nd
tileElements:oa
IE6:fd
onRadioZClick:ce
onThumbnailDrop:ee
lastScreenX:wa
groups:Bc
lastScreenY:xa
limit:Dc
tileBufferSlowLimit:ne
yLowerLimit:Fb
idleTileLoader:Ld
targetLabel:ca
setElementSize:Sc
container:d
defaultTimeout:Dd
CLONING:Hb
autolink:Ob
placement:Wa
SCROLL_NEAREST:hd
eventFunctionQueue:xc
series:Qc
interval:Od
__row:ia
query:Ba
zoomParent:ve
linkWidget:za
_method:we
mode:Ee
onOpen:be
SCROLL_TOP:jd
pxPerMmAt1x:Nc
statusElement:Ga
newTermText:Yd
minimumMatchLength:De
getRatio:u
maxSize:Vd
CTRL:eb
activePanel:kb
tileBufferSlowPeriod:oe
viewers:da
criteria:sc
onAccept:cc
drag:vc
startzoom:ba
tileWidth:ab
tileCols:Ha
subdivisions:me
getPower:J
_drop:ib
plane:Xa
proportional:xb
_clearFocus:md
boundaryLimit:mb
confirmUndoMessage:Bd
onClose:Fe
undo:$c
autocompleterUrl:yd
doEvent:l
ajaxOptions:lb
tileHeight:$a
middle:Fc
CONFIRMING_DELETE:Ib
resize:je
elementHeight:sa
confirmDelete:Ad
isTouchDevice:Xb
onZoom:G
_ajaxCreate:ld
power:Ya
onSelectChange:de
updateOnDrag:cd
ajaxSuccess:I
zoomOut:Y
xUpperLimit:Eb
containerHeight:p
ALT:ed
onEditEnd:Hc
log2:Yb
colZ:pb
selectElement:U
_ajaxTimeout:ra
_tileOnload:qd
colA:ob
thumbnail:j
dragMultiplier:S
refresh_cache:Oc
rowZ:zb
NORMAL:fb
getComparison:zc
getURL:tb
titleWidget:Zc
afterSetup:xe
_tile:pd
undoCancel:ad
clickHandler:Oa
slideDetail:le
onCreate:Zd
fillDefinition:Gd
setActiveLI:Rc
convert:Rb
highlighted:ua
includes:Cc
renderList:hc
getEdits:Ac
fit:Hd
smoothScrolling:Ab
_update:rd
onComplete:Ge
rowA:yb
onException:Ie
setup:Tc
tileOnload:pe
notification:$b
setState:Ea
undoListElement:Cb
widget:te
renderProxyLabel:Ca
allowEsc:qc
transition:mc
onDblClick:$d
centerOn:$
lastText:Ua
offsetCenterX:ac
offsetCenterY:bc
initiator:Nd
buttonAccept:La
zoomIn:X
onDetach:fa
changes:ma
levelSort:Sd
