|     1857 | 
|     1856 | 
|     1855 | 
|     1854 | 
|     1853 | 
|     1852 | 
|     1851 | 
|     1850 | 
|     1849 | 
|     1848 | 
|     1847 | 
|     1846 | 
|     1845 | 
|     1844 | 
|     1843 | 
|     1842 | 
|     1838 | 
|     1837 | 
|     1836 | 
|     1841 | 
|     1840 | 
|     1839 | 
|     1835 | 
|     1834 | 
|     1833 | 
|     1832 | 
|     1831 | 
|     1830 | 
|     1829 | 
|     1828 | 
|     1827 | 
|     1826 | 
|     1825 | 
|     1824 | 
|     1823 | 
|     1822 | 
|     1821 | 
|     1820 | 
|     1819 | 
|     1816 | 
|     1817 | 
|     1777 | 
|     1776 | 
|     1775 | 
|     1774 | 
|     1773 | 
|     1772 | 
|     1771 | 
|     1770 | 
|     1769 | 
|     1768 | 
|     1767 | 
|     1766 | 
|     1765 | 
|     1764 | 
|     1763 | 
|     1762 | 
|     1761 | 
|     1760 | 
|     1759 | 
|     1758 | 
|     1818 | 
|     1757 | 
|     1756 | 
|     1755 | 
|     1754 | 
|     1753 | 
|     1750 | 
|     1749 | 
|     1748 | 
|     1739 | 
|     1738 | 
|     1747 | 
|     1746 | 
|     1745 | 
|     1744 | 
|     1743 | 
|     1742 | 
|     1741 | 
|     1740 | 
|     1737 | 
|     1735 | 
|     1733 | 
|     1731 | 
|     1729 | 
|     1727 | 
|     1725 | 
|     1736 | 
|     1734 | 
|     1732 | 
|     1730 | 
|     1728 | 
|     1726 | 
|     1724 | 
|     1723 | 
|     1722 | 
|     1720 | 
|     1718 | 
|     1717 | 
|     1716 | 
|     1715 | 
|     1714 | 
|     1708 | 
|     1711 | 
|     1710 | 
|     1707 | 
|     1705 | 
|     1703 | 
|     1696 | 
|     1695 | 
|     1694 | 
|     1693 | 
|     1691 | 
|     1690 | 
|     1689 | 
|     1687 | 
|     1686 | 
|     1721 | 
|     1719 | 
|     1713 | 
|     1712 | 
|     1709 | 
|     1706 | 
|     1704 | 
|     1702 | 
|     1701 | 
|     1700 | 
|     1699 | 
|     1698 | 
|     1697 | 
|     1692 | 
|     1688 | 
|     1685 | 
|     1684 | 
|     1683 | 
|     1682 | 
|     1681 | 
|     1680 | 
|     1679 | 
|     1678 | 
|     1677 | 
|     1676 | 
|     1675 | 
|     1674 | 
|     1673 | 
|     1672 | 
|     1671 | 
|     1670 | 
|      565 | 
|      566 | 
|      567 | 
|      568 | 
|      569 | 
|      570 | 
|      571 | 
|      572 | 
|      573 | 
|      574 | 
|      575 | 
|      576 | 
|      577 | 
|      578 | 
|      579 | 
|      580 | 
|      581 | 
|      582 | 
|      583 | 
|      584 | 
|      585 | 
|      586 | 
|      587 | 
|      588 | 
|      589 | 
|      590 | 
|      591 | 
|      592 | 
|      593 | 
|      594 | 
|      595 | 
|      596 | 
|      597 | 
|      598 | 
|      599 | 
|      600 | 
|      601 | 
|      602 | 
|      603 | 
|      604 | 
|      605 | 
|      606 | 
|      607 | 
|      608 | 
|      609 | 
|      610 | 
|      611 | 
|      612 | 
|      613 | 
|      614 | 
|      615 | 
|      616 | 
|      617 | 
|      618 | 
|      619 | 
|      620 | 
|      621 | 
|      622 | 
|      623 | 
|      624 | 
|      625 | 
|      626 | 
|      627 | 
|      628 | 
|      629 | 
|      630 | 
|      631 | 
|      632 | 
|      633 | 
|      634 | 
|      635 | 
|      636 | 
|      637 | 
|      638 | 
|      639 | 
|      640 | 
|      641 | 
|      642 | 
|      643 | 
|      644 | 
|      645 | 
|      646 | 
|      647 | 
|      648 | 
|      649 | 
|      650 | 
|      651 | 
|      652 | 
|      653 | 
|      654 | 
|      655 | 
|      656 | 
|      657 | 
|      658 | 
|      659 | 
|      660 | 
|      661 | 
|      662 | 
|      663 | 
|      664 | 
|      665 | 
|      666 | 
|      667 | 
|      668 | 
|      669 | 
|      670 | 
|      671 | 
|      672 | 
|      673 | 
|      674 | 
|      675 | 
|      676 | 
|      677 | 
|      678 | 
|      679 | 
|      680 | 
|      681 | 
|      682 | 
|      683 | 
|      684 | 
|      685 | 
|      686 | 
|      687 | 
|      688 | 
|      689 | 
|      690 | 
|      691 | 
|      692 | 
|      693 | 
|      694 | 
|      695 | 
|      696 | 
|      697 | 
|      698 | 
|      699 | 
|      700 | 
|      701 | 
|      702 | 
|      703 | 
|      704 | 
|      705 | 
|      706 | 
|      707 | 
|      708 | 
|      709 | 
|      710 | 
|      711 | 
|      712 | 
|      713 | 
|      714 | 
|      715 | 
|      716 | 
|      717 | 
|      718 | 
|      719 | 
|      720 | 
|      721 | 
|      722 | 
|      723 | 
|      724 | 
|      725 | 
|      726 | 
|      727 | 
|      728 | 
|      729 | 
|      730 | 
|      731 | 
|      732 | 
|      733 | 
|      734 | 
|      735 | 
|      736 | 
|      737 | 
|      738 | 
|      739 | 
|      740 | 
|      741 | 
|      742 | 
|      743 | 
|      744 | 
|      745 | 
|      746 | 
|      747 | 
|      748 | 
|      749 | 
|      750 | 
|      751 | 
|      752 | 
|      753 | 
|      754 | 
|      755 | 
|      756 | 
|      757 | 
|      758 | 
|      759 | 
|      760 | 
|      761 | 
|      762 | 
|      763 | 
|      764 | 
|      765 | 
|      766 | 
|      767 | 
|      768 | 
|      769 | 
|      770 | 
|      771 | 
|      772 | 
|      773 | 
|      774 | 
|      775 | 
|      776 | 
|      777 | 
|      778 | 
|      779 | 
|      780 | 
|      781 | 
|      782 | 
|      783 | 
|      784 | 
|      785 | 
|      786 | 
|      787 | 
|      788 | 
|      789 | 
|      790 | 
|      791 | 
|      792 | 
|      793 | 
|      794 | 
|      795 | 
|      796 | 
|      797 | 
|      798 | 
|      799 | 
|      800 | 
|      801 | 
|      802 | 
|      803 | 
|      804 | 
|      805 | 
|      806 | 
|      807 | 
|      808 | 
|      809 | 
|      810 | 
|      811 | 
|      812 | 
|      813 | 
|      814 | 
|      815 | 
|      816 | 
|      817 | 
|      818 | 
|      819 | 
|      820 | 
|      821 | 
|      822 | 
|      823 | 
|      824 | 
|      825 | 
|      826 | 
|      827 | 
|      828 | 
|      829 | 
|      830 | 
|      831 | 
|      832 | 
|      833 | 
|      834 | 
|      835 | 
|      836 | 
|      837 | 
|      838 | 
|      839 | 
|      840 | 
|      841 | 
|      842 | 
|      843 | 
|      844 | 
|      845 | 
|      846 | 
|      847 | 
|      848 | 
|      849 | 
|      850 | 
|      851 | 
|      852 | 
|      853 | 
|      854 | 
|      855 | 
|      856 | 
|      857 | 
|      858 | 
|      859 | 
|      860 | 
|      861 | 
|      862 | 
|      863 | 
|      864 | 
|      865 | 
|      866 | 
|      867 | 
|      868 | 
|      869 | 
|      870 | 
|      871 | 
|      872 | 
|      873 | 
|      874 | 
|      875 | 
|      876 | 
|      877 | 
|      878 | 
|      879 | 
|      880 | 
|      881 | 
|      882 | 
|      883 | 
|      884 | 
|      885 | 
|      886 | 
|      887 | 
|      888 | 
|      889 | 
|      890 | 
|      891 | 
|      892 | 
|      893 | 
|      894 | 
|      895 | 
|      896 | 
|      897 | 
|      898 | 
|      899 | 
|      900 | 
|      901 | 
|      902 | 
|      903 | 
|      904 | 
|      905 | 
|      906 | 
|      907 | 
|      908 | 
|      909 | 
|      910 | 
|      911 | 
|      912 | 
|      913 | 
|      914 | 
|      915 | 
|      916 | 
|      917 | 
|      918 | 
|      919 | 
|      920 | 
|      921 | 
|      922 | 
|      923 | 
|      924 | 
|      925 | 
|      926 | 
|      927 | 
|      928 | 
|      929 | 
|      930 | 
|      931 | 
|      932 | 
|      933 | 
|      934 | 
|      935 | 
|      936 | 
|      937 | 
|      938 | 
|      939 | 
|      940 | 
|      941 | 
|      942 | 
|      943 | 
|      944 | 
|      945 | 
|      946 | 
|      947 | 
|      948 | 
|      949 | 
|      950 | 
|      951 | 
|      952 | 
|      953 | 
|      954 | 
|      955 | 
|      956 | 
|      957 | 
|      958 | 
|      959 | 
|      960 | 
|      961 | 
|      962 | 
|      963 | 
|      964 | 
|      965 | 
|      966 | 
|      967 | 
|     1558 | 
|      969 | 
|      970 | 
|      971 | 
|      972 | 
|      973 | 
|      974 | 
|      975 | 
|      976 | 
|      977 | 
|      978 | 
|      979 | 
|      980 | 
|      981 | 
|      982 | 
|      983 | 
|      984 | 
|      985 | 
|      986 | 
|      987 | 
|      988 | 
|      989 | 
|      990 | 
|      991 | 
|      992 | 
|      993 | 
|      994 | 
|      995 | 
|      996 | 
|      997 | 
|      998 | 
|      999 | 
|     1000 | 
|     1001 | 
|     1002 | 
|     1003 | 
|     1004 | 
|     1005 | 
|     1006 | 
|     1007 | 
|     1008 | 
|     1009 | 
|     1010 | 
|     1011 | 
|     1012 | 
|     1013 | 
|     1014 | 
|     1015 | 
|     1016 | 
|     1017 | 
|     1018 | 
|     1019 | 
|     1020 | 
|     1021 | 
|     1022 | 
|     1023 | 
|     1024 | 
|     1025 | 
|     1026 | 
|     1027 | 
|     1028 | 
|     1029 | 
|     1030 | 
|     1031 | 
|     1032 | 
|     1033 | 
|     1034 | 
|     1035 | 
|     1036 | 
|     1037 | 
|     1038 | 
|     1039 | 
|     1040 | 
|     1041 | 
|     1042 | 
|     1043 | 
|     1044 | 
|     1045 | 
|     1046 | 
|     1047 | 
|     1048 | 
|     1049 | 
|     1050 | 
|     1051 | 
|     1052 | 
|     1053 | 
|     1054 | 
|     1055 | 
|     1056 | 
|     1057 | 
|     1058 | 
|     1059 | 
|     1060 | 
|     1061 | 
|     1062 | 
|     1063 | 
|     1064 | 
|     1065 | 
|     1066 | 
|     1067 | 
|     1068 | 
|     1069 | 
|     1070 | 
|     1071 | 
|     1072 | 
|     1073 | 
|     1074 | 
|     1075 | 
|     1076 | 
|     1077 | 
|     1078 | 
|     1079 | 
|     1080 | 
|     1081 | 
|     1082 | 
|     1083 | 
|     1084 | 
|     1085 | 
|     1086 | 
|     1087 | 
|     1088 | 
|     1089 | 
|     1090 | 
|     1091 | 
|     1092 | 
|     1093 | 
|     1094 | 
|     1095 | 
|     1096 | 
|     1097 | 
|     1098 | 
|     1099 | 
|     1100 | 
|     1101 | 
|     1102 | 
|     1103 | 
|     1104 | 
|     1105 | 
|     1106 | 
|     1107 | 
|     1108 | 
|     1109 | 
|     1110 | 
|     1111 | 
|     1112 | 
|     1114 | 
|     1113 | 
|     1115 | 
|     1116 | 
|     1117 | 
|     1118 | 
|     1119 | 
|     1120 | 
|     1121 | 
|     1122 | 
|     1123 | 
|     1124 | 
|     1125 | 
|     1126 | 
|     1127 | 
|     1128 | 
|     1129 | 
|     1130 | 
|     1131 | 
|     1132 | 
|     1133 | 
|     1134 | 
|     1135 | 
|     1136 | 
|     1137 | 
|     1138 | 
|     1139 | 
|     1140 | 
|     1141 | 
|     1142 | 
|     1143 | 
|     1144 | 
|     1145 | 
|     1146 | 
|     1147 | 
|     1148 | 
|     1149 | 
|     1150 | 
|     1151 | 
|     1152 | 
|     1153 | 
|     1154 | 
|     1155 | 
|     1156 | 
|     1157 | 
|     1158 | 
|     1159 | 
|     1160 | 
|     1161 | 
|     1162 | 
|     1163 | 
|     1164 | 
|     1165 | 
|     1166 | 
|     1167 | 
|     1168 | 
|     1169 | 
|     1170 | 
|     1171 | 
|     1172 | 
|     1173 | 
|     1174 | 
|     1175 | 
|     1176 | 
|     1177 | 
|     1178 | 
|     1179 | 
|     1180 | 
|     1181 | 
|     1182 | 
|     1183 | 
|     1184 | 
|     1185 | 
|     1186 | 
|     1187 | 
|     1188 | 
|     1189 | 
|     1190 | 
|     1191 | 
|     1192 | 
|     1193 | 
|     1194 | 
|     1195 | 
|     1196 | 
|     1197 | 
|     1198 | 
|     1199 | 
|     1200 | 
|     1201 | 
|     1202 | 
|     1203 | 
|     1204 | 
|     1205 | 
|     1206 | 
|     1207 | 
|     1208 | 
|     1209 | 
|     1210 | 
|     1211 | 
|     1212 | 
|     1213 | 
|     1214 | 
|     1215 | 
|     1216 | 
|     1217 | 
|     1218 | 
|     1219 | 
|     1220 | 
|     1221 | 
|     1222 | 
|     1223 | 
|     1224 | 
|     1225 | 
|     1226 | 
|     1227 | 
|     1228 | 
|     1229 | 
|     1230 | 
|     1231 | 
|     1232 | 
|     1233 | 
|     1234 | 
|     1235 | 
|     1236 | 
|     1237 | 
|     1238 | 
|     1239 | 
|     1240 | 
|     1241 | 
|     1242 | 
|     1243 | 
|     1244 | 
|     1245 | 
|     1246 | 
|     1247 | 
|     1248 | 
|     1249 | 
|     1250 | 
|     1251 | 
|     1252 | 
|     1253 | 
|     1254 | 
|     1255 | 
|     1256 | 
|     1257 | 
|     1258 | 
|     1259 | 
|     1260 | 
|     1261 | 
|     1262 | 
|     1263 | 
|     1264 | 
|     1265 | 
|     1266 | 
|     1267 | 
|     1268 | 
|     1269 | 
|     1270 | 
|     1271 | 
|     1272 | 
|     1273 | 
|     1274 | 
|     1275 | 
|     1276 | 
|     1277 | 
|     1278 | 
|     1279 | 
|     1280 | 
|     1281 | 
|     1282 | 
|     1283 | 
|     1284 | 
|     1285 | 
|     1286 | 
|     1287 | 
|     1288 | 
|     1289 | 
|     1290 | 
|     1291 | 
|     1292 | 
|     1293 | 
|     1294 | 
|     1295 | 
|     1296 | 
|     1297 | 
|     1298 | 
|     1299 | 
|     1300 | 
|     1301 | 
|     1302 | 
|     1303 | 
|     1304 | 
|     1305 | 
|     1306 | 
|     1307 | 
|     1308 | 
|     1309 | 
|     1310 | 
|     1311 | 
|     1312 | 
|     1313 | 
|     1314 | 
|     1315 | 
|     1316 | 
|     1317 | 
|     1318 | 
|     1319 | 
|     1320 | 
|     1321 | 
|     1322 | 
|     1323 | 
|     1324 | 
|     1325 | 
|     1326 | 
|     1327 | 
|     1328 | 
|     1329 | 
|     1330 | 
|     1331 | 
|     1332 | 
|     1333 | 
|     1334 | 
|     1335 | 
|     1336 | 
|     1337 | 
|     1338 | 
|     1339 | 
|     1340 | 
|     1341 | 
|     1342 | 
|     1343 | 
|     1344 | 
|     1345 | 
|     1346 | 
|     1347 | 
|     1348 | 
|     1349 | 
|     1350 | 
|     1351 | 
|     1352 | 
|     1353 | 
|     1354 | 
|     1355 | 
|     1356 | 
|     1357 | 
|     1358 | 
|     1359 | 
|     1360 | 
|     1361 | 
|     1362 | 
|     1363 | 
|     1364 | 
|     1365 | 
|     1366 | 
|     1367 | 
|     1368 | 
|     1369 | 
|     1370 | 
|     1371 | 
|     1372 | 
|     1373 | 
|     1374 | 
|     1375 | 
|     1376 | 
|     1377 | 
|     1378 | 
|     1379 | 
|     1380 | 
|     1381 | 
|     1382 | 
|     1383 | 
|     1384 | 
|     1385 | 
|     1386 | 
|     1387 | 
|     1388 | 
|     1389 | 
|     1390 | 
|     1391 | 
|     1392 | 
|     1393 | 
|     1394 | 
|     1395 | 
|     1396 | 
|     1397 | 
|     1398 | 
|     1399 | 
|     1400 | 
|     1401 | 
|     1402 | 
|     1403 | 
|     1404 | 
|     1405 | 
|     1406 | 
|     1407 | 
|     1408 | 
|     1409 | 
|     1410 | 
|     1411 | 
|     1412 | 
|     1413 | 
|     1414 | 
|     1415 | 
|     1416 | 
|     1417 | 
|     1418 | 
|     1419 | 
|     1420 | 
|     1421 | 
|     1422 | 
|     1423 | 
|     1424 | 
|     1425 | 
|     1426 | 
|     1427 | 
|     1428 | 
|     1429 | 
|     1430 | 
|     1431 | 
|     1432 | 
|     1433 | 
|     1434 | 
|     1435 | 
|     1436 | 
|     1437 | 
|     1438 | 
|     1439 | 
|     1440 | 
|     1441 | 
|     1442 | 
|     1443 | 
|     1444 | 
|     1445 | 
|     1446 | 
|     1447 | 
|     1448 | 
|     1449 | 
|     1450 | 
|     1451 | 
|     1452 | 
|     1453 | 
|     1454 | 
|     1455 | 
|     1456 | 
|     1457 | 
|     1458 | 
|     1459 | 
|     1460 | 
|     1461 | 
|     1462 | 
|     1463 | 
|     1464 | 
|     1465 | 
|     1466 | 
|     1467 | 
|     1468 | 
|     1469 | 
|     1470 | 
|     1471 | 
|     1472 | 
|     1473 | 
|     1474 | 
|     1475 | 
|     1476 | 
|     1477 | 
|     1478 | 
|     1479 | 
|     1480 | 
|     1481 | 
|     1482 | 
|     1483 | 
|     1484 | 
|     1485 | 
|     1486 | 
|     1487 | 
|     1488 | 
|     1489 | 
|     1490 | 
|     1491 | 
|     1492 | 
|     1493 | 
|     1494 | 
|     1495 | 
|     1496 | 
|     1497 | 
|     1498 | 
|     1499 | 
|     1500 | 
|     1501 | 
|     1502 | 
|     1503 | 
|     1504 | 
|     1505 | 
|     1506 | 
|     1507 | 
|     1508 | 
|     1509 | 
|     1510 | 
|     1511 | 
|     1512 | 
|     1513 | 
|     1514 | 
|     1515 | 
|     1516 | 
|     1517 | 
|     1518 | 
|     1519 | 
|     1520 | 
|     1521 | 
|     1522 | 
|     1523 | 
|     1524 | 
|     1525 | 
|     1526 | 
|     1527 | 
|     1528 | 
|     1529 | 
|     1530 | 
|     1531 | 
|     1532 | 
|     1533 | 
|     1534 | 
|     1535 | 
|     1536 | 
|     1537 | 
|     1538 | 
|     1539 | 
|     1540 | 
|     1541 | 
|     1542 | 
|     1543 | 
|     1544 | 
|     1545 | 
|     1546 | 
|     1547 | 
|     1548 | 
|     1549 | 
|     1550 | 
|     1551 | 
|     1552 | 
|     1553 | 
|     1554 | 
|     1555 | 
|     1556 | 
|     1557 | 
|     1559 | 
|     1560 | 
|     1561 | 
|     1562 | 
|      968 | 
|     1564 | 
|     1565 | 
|     1566 | 
|     1567 | 
|     1568 | 
|     1569 | 
|     1570 | 
|     1571 | 
|     1572 | 
|     1573 | 
|     1574 | 
|     1575 | 
|     1576 | 
|     1577 | 
|     1578 | 
|     1579 | 
|     1580 | 
|     1581 | 
|     1582 | 
|     1583 | 
|     1584 | 
|     1585 | 
|     1586 | 
|     1587 | 
|     1588 | 
|     1589 | 
|     1891 | 
|      269 | 
|        8 | 
|        9 | 
|       10 | 
|       11 | 
|       12 | 
|       13 | 
|       14 | 
|       15 | 
|       16 | 
|       17 | 
|       18 | 
|       19 | 
|       20 | 
|       21 | 
|       22 | 
|       23 | 
|       24 | 
|       25 | 
|       26 | 
|       27 | 
|       28 | 
|       29 | 
|       30 | 
|       31 | 
|       32 | 
|       33 | 
|       34 | 
|       35 | 
|       36 | 
|       37 | 
|       38 | 
|       39 | 
|       40 | 
|       41 | 
|       42 | 
|       43 | 
|       44 | 
|       45 | 
|       46 | 
|       47 | 
|       48 | 
|       49 | 
|       50 | 
|       51 | 
|       52 | 
|       58 | 
|       59 | 
|       60 | 
|       61 | 
|       62 | 
|       63 | 
|       64 | 
|       65 | 
|       66 | 
|       67 | 
|       68 | 
|       69 | 
|       70 | 
|       71 | 
|       72 | 
|       73 | 
|       74 | 
|       75 | 
|       76 | 
|       77 | 
|       78 | 
|       79 | 
|       80 | 
|       81 | 
|       82 | 
|       83 | 
|       84 | 
|       85 | 
|     1881 | 
|      157 | 
|      158 | 
|      159 | 
|      160 | 
|      162 | 
|      163 | 
|      164 | 
|      165 | 
|      166 | 
|      167 | 
|      168 | 
|      170 | 
|      171 | 
|      172 | 
|      173 | 
|      175 | 
|      176 | 
|      179 | 
|      182 | 
|      183 | 
|      184 | 
|      188 | 
|      189 | 
|      190 | 
|      191 | 
|      192 | 
|      193 | 
|      195 | 
|      196 | 
|      197 | 
|      198 | 
|      199 | 
|      200 | 
|      201 | 
|      202 | 
|      203 | 
|      204 | 
|      205 | 
|      206 | 
|      207 | 
|      208 | 
|      209 | 
|      210 | 
|      211 | 
|      212 | 
|      213 | 
|      214 | 
|      215 | 
|      216 | 
|      217 | 
|      218 | 
|      219 | 
|      220 | 
|      221 | 
|      222 | 
|      223 | 
|      224 | 
|      225 | 
|      226 | 
|      227 | 
|      228 | 
|      229 | 
|      230 | 
|      231 | 
|      232 | 
|      233 | 
|      234 | 
|      235 | 
|      236 | 
|      237 | 
|      238 | 
|      239 | 
|      240 | 
|      241 | 
|      242 | 
|      243 | 
|      244 | 
|      245 | 
|      246 | 
|      247 | 
|      248 | 
|      249 | 
|      250 | 
|      251 | 
|      252 | 
|      253 | 
|      254 | 
|      256 | 
|      257 | 
|      258 | 
|      259 | 
|     1752 | 
|     1751 | 
|      270 | 
|      271 | 
|      272 | 
|      273 | 
|      274 | 
|      275 | 
|      276 | 
|      277 | 
|      278 | 
|      279 | 
|      280 | 
|      281 | 
|      282 | 
|      283 | 
|      284 | 
|      285 | 
|      286 | 
|      287 | 
|      288 | 
|      289 | 
|      290 | 
|      291 | 
|      292 | 
|      293 | 
|      294 | 
|      295 | 
|      296 | 
|      297 | 
|      298 | 
|      299 | 
|      300 | 
|      301 | 
|      302 | 
|      303 | 
|      304 | 
|      305 | 
|      306 | 
|      307 | 
|      308 | 
|      309 | 
|      310 | 
|      311 | 
|      312 | 
|      313 | 
|      314 | 
|      315 | 
|      316 | 
|      317 | 
|      318 | 
|      319 | 
|      320 | 
|      321 | 
|      322 | 
|      323 | 
|      324 | 
|      325 | 
|      326 | 
|      327 | 
|      328 | 
|      329 | 
|      330 | 
|      331 | 
|      332 | 
|      333 | 
|      334 | 
|      335 | 
|      336 | 
|      337 | 
|      338 | 
|      339 | 
|      340 | 
|      341 | 
|      342 | 
|      343 | 
|      344 | 
|      345 | 
|      346 | 
|      347 | 
|      348 | 
|      349 | 
|      350 | 
|      372 | 
|      371 | 
|      353 | 
|      354 | 
|      355 | 
|      356 | 
|      357 | 
|      358 | 
|      359 | 
|      360 | 
|      361 | 
|      362 | 
|      363 | 
|      364 | 
|      365 | 
|      366 | 
|      367 | 
|      368 | 
|      369 | 
|      370 | 
|      373 | 
|      374 | 
|      375 | 
|      376 | 
|      377 | 
|      378 | 
|      379 | 
|      380 | 
|      381 | 
|      382 | 
|      383 | 
|      384 | 
|      385 | 
|      386 | 
|      387 | 
|      388 | 
|      389 | 
|      390 | 
|      391 | 
|      392 | 
|      393 | 
|      394 | 
|      395 | 
|      396 | 
|      397 | 
|      398 | 
|      399 | 
|      400 | 
|      401 | 
|      402 | 
|      403 | 
|      404 | 
|      405 | 
|      406 | 
|      407 | 
|      408 | 
|      409 | 
|      410 | 
|      411 | 
|      412 | 
|      413 | 
|      414 | 
|      415 | 
|      416 | 
|      417 | 
|      418 | 
|      419 | 
|      420 | 
|      421 | 
|      422 | 
|      423 | 
|      424 | 
|      425 | 
|      426 | 
|      427 | 
|      428 | 
|      429 | 
|      430 | 
|      431 | 
|      432 | 
|      433 | 
|      434 | 
|      435 | 
|      436 | 
|      437 | 
|      438 | 
|      439 | 
|      440 | 
|      441 | 
|      442 | 
|      443 | 
|      444 | 
|      445 | 
|      446 | 
|      447 | 
|      448 | 
|      449 | 
|      450 | 
|      451 | 
|      452 | 
|      453 | 
|      454 | 
|      455 | 
|      456 | 
|      457 | 
|      458 | 
|      459 | 
|      460 | 
|      461 | 
|      462 | 
|      463 | 
|      464 | 
|      465 | 
|      466 | 
|      467 | 
|      469 | 
|      470 | 
|      471 | 
|      472 | 
|      473 | 
|      474 | 
|      475 | 
|      476 | 
|      477 | 
|      478 | 
|      479 | 
|      480 | 
|      481 | 
|      482 | 
|      483 | 
|      484 | 
|      485 | 
|      486 | 
|      487 | 
|      488 | 
|      489 | 
|      490 | 
|      491 | 
|      492 | 
|      493 | 
|      494 | 
|      495 | 
|      496 | 
|      497 | 
|      498 | 
|      499 | 
|      500 | 
|      501 | 
|      502 | 
|      503 | 
|      504 | 
|      505 | 
|      506 | 
|      507 | 
|      508 | 
|      509 | 
|      510 | 
|      511 | 
|      512 | 
|      513 | 
|      514 | 
|      515 | 
|      516 | 
|      517 | 
|      518 | 
|      519 | 
|      520 | 
|      522 | 
|      523 | 
|      524 | 
|      525 | 
|      526 | 
|      527 | 
|      528 | 
|      529 | 
|      530 | 
|      531 | 
|      532 | 
|      533 | 
|      534 | 
|      535 | 
|      536 | 
|      537 | 
|      538 | 
|      539 | 
|      540 | 
|      541 | 
|      542 | 
|      543 | 
|      544 | 
|      545 | 
|      546 | 
|      547 | 
|      548 | 
|      549 | 
|      550 | 
|      551 | 
|      552 | 
|      553 | 
|      554 | 
|      555 | 
|      556 | 
|      557 | 
|      558 | 
|      559 | 
|      560 | 
|      561 | 
|      562 | 
|      563 | 
|      564 | 
|     1882 | 
|     1886 | 
|     1885 | 
|     1884 | 
|     1883 | 
|     1880 | 
|     1879 | 
|     1878 | 
|     1877 | 
|     1876 | 
|     1875 | 
|     1874 | 
|     1887 | 
|     1888 | 
|     1889 | 
|     1890 | 
|     1563 | 
|     1892 | 
|    18044 | 
|    18045 | 
|       53 | 
|       54 | 
|       55 | 
|       56 | 
|       57 | 
|       91 | 
|       92 | 
|       94 | 
|       95 | 
|       96 | 
|       97 | 
|       98 | 
|       99 | 
|    18046 | 
|    18041 | 
|    18042 | 
|    18040 | 
|    18039 | 
|    18037 | 
|    18038 | 
|    18036 | 
|    18035 | 
|    18034 | 
|    18033 | 
|    18032 | 
|    18031 | 
|    18030 | 
|    18029 | 
|    18028 | 
|     1903 | 
|     1902 | 
|     1901 | 
|     1900 | 
|     1899 | 
|     1898 | 
|     1897 | 
|     1896 | 
|     1895 | 
|    18047 | 
|    18048 | 
|    18049 | 
|    18025 | 
|    18026 | 
|    18027 | 
|    35433 | 
|     1893 | 
|     1894 | 
|    35315 | 
|    35316 | 
|    35317 | 
|    35318 | 
|    35319 | 
|    35320 | 
|    35321 | 
|    35322 | 
|    35323 | 
|    35324 | 
|    35325 | 
|    35326 | 
|    35327 | 
|    35328 | 
|    35329 | 
|    35330 | 
|    35331 | 
|    35332 | 
|    35333 | 
|    35334 | 
|    35335 | 
|    35336 | 
|    35337 | 
|    35338 | 
|    35339 | 
|    35340 | 
|    35341 | 
|    35342 | 
|    35343 | 
|    35344 | 
|    35345 | 
|    35346 | 
|    35347 | 
|    35348 | 
|    35349 | 
|    35350 | 
|    35351 | 
|    35434 | 
|    35435 | 
|    35436 | 
|    35437 | 
|    35438 | 
|    35439 | 
|    35440 | 
|    35441 | 
|    35490 | 
|    35491 | 
|    35492 | 
|    35493 | 
|    35503 | 
|    35504 | 
|    35505 | 
|    35506 | 
|    35494 | 
|    35495 | 
|    35496 | 
|    35497 | 
|    35498 | 
|    35499 | 
|    35500 | 
|    35501 | 
|    35502 | 
|    35507 | 
|    35512 | 
|    35513 | 
|    35515 | 
|    35516 | 
|    35517 | 
|    35518 | 
|    35519 | 
|    35520 | 
|    35521 | 
|    35522 | 
|    35523 | 
|    35524 | 
|    35525 | 
|    35526 | 
|    35527 | 
|    35528 | 
|    35529 | 
|    35531 | 
|    35532 | 
|    35533 | 
|    35534 | 
|    35535 | 
|    35536 | 
|    35537 | 
|    35538 | 
|    35540 | 
|    35541 | 
|    35542 | 
|    35543 | 
|    35544 | 
|    35545 | 
|    35546 | 
|    35572 | 
|    35573 | 
|    35574 | 
|    35575 | 
|    35576 | 
|    35577 | 
|    35578 | 
|    35579 | 
|    35580 | 
|    35581 | 
|    35582 | 
|    35583 | 
|    35584 | 
|    35585 | 
|    35586 | 
|    35587 | 
|    35588 | 
|    35589 | 
|    35590 | 
|    35591 | 
|    35592 | 
|    35593 | 
|    35594 | 
|    35595 | 
|    35596 | 
|    35597 | 
|    35598 | 
